<?xml version="1.0" encoding="utf-8"?><testsuites name="pytest tests"><testsuite name="pytest" errors="0" failures="0" skipped="0" tests="9" time="3.710" timestamp="2026-08-14T15:29:17.767287+00:00" hostname="agent-env-ef8abe31-4164-44a9-96e0-0b70e38598da"><testcase classname="tests.test_appt_pro.TestServices" name="test_list_services_seeds_defaults" time="0.608" /><testcase classname="tests.test_appt_pro.TestProducts" name="test_list_products_seeds" time="0.822" /><testcase classname="tests.test_appt_pro.TestServices" name="test_service_crud" time="0.671" /><testcase classname="tests.test_appt_pro.TestProducts" name="test_product_crud" time="0.600" /><testcase classname="tests.test_appt_pro.TestContractSettings" name="test_get_defaults" time="0.144" /><testcase classname="tests.test_appt_pro.TestRBAC" name="test_no_auth_blocked" time="0.151" /><testcase classname="tests.test_appt_pro.TestContractSettings" name="test_put_settings_persists" time="0.387" /><testcase classname="tests.test_appt_pro.TestRBAC" name="test_public_endpoints_no_auth" time="0.178" /><testcase classname="tests.test_appt_pro.TestApptBuilder" name="test_create_appt_and_contract" time="1.559" /></testsuite></testsuites>