<?xml version="1.0" encoding="utf-8"?><testsuites name="pytest tests"><testsuite name="pytest" errors="0" failures="0" skipped="0" tests="6" time="4.769" timestamp="2026-08-14T15:53:31.019143+00:00" hostname="agent-env-ef8abe31-4164-44a9-96e0-0b70e38598da"><testcase classname="tests.test_appt_pro_iter70.TestContractPDF" name="test_pdf_download" time="1.531" /><testcase classname="tests.test_appt_pro_iter70.TestCashflowIntegration" name="test_card_payment_creates_income_transaction" time="1.482" /><testcase classname="tests.test_appt_pro_iter70.TestCashflowIntegration" name="test_cash_payment_records_method" time="0.715" /><testcase classname="tests.test_appt_pro_iter70.TestCascadeDelete" name="test_delete_contract_cascades" time="1.025" /><testcase classname="tests.test_appt_pro_iter70.TestCashflowIntegration" name="test_zero_paid_no_transaction" time="0.661" /><testcase classname="tests.test_appt_pro_iter70.TestApprovals" name="test_approve_bumps_unseen_and_seen_resets" time="1.583" /></testsuite></testsuites>