<?xml version="1.0" encoding="utf-8"?><testsuites name="pytest tests"><testsuite name="pytest" errors="0" failures="0" skipped="0" tests="9" time="4.117" timestamp="2026-08-10T10:53:10.016141+00:00" hostname="agent-env-ef8abe31-4164-44a9-96e0-0b70e38598da"><testcase classname="tests.test_gallery_phaseb.TestEventsAndUpload" name="test_list_events_contains_created" time="0.593" /><testcase classname="tests.test_gallery_phaseb.TestEventsAndUpload" name="test_upload_jpeg_creates_photo_with_thumb" time="0.707" /><testcase classname="tests.test_gallery_phaseb.TestEventsAndUpload" name="test_upload_raw_flags_and_no_thumb" time="0.321" /><testcase classname="tests.test_gallery_phaseb.TestEventsAndUpload" name="test_event_detail_lists_photos" time="0.044" /><testcase classname="tests.test_gallery_phaseb.TestServicePacks" name="test_create_and_delete_pack" time="0.206" /><testcase classname="tests.test_gallery_phaseb.TestPublicSelectAndLimits" name="test_public_get_and_limit_enforcement_and_order" time="1.672" /><testcase classname="tests.test_gallery_phaseb.TestPublicSelectAndLimits" name="test_order_appears_and_status_and_pdf" time="0.266" /><testcase classname="tests.test_gallery_phaseb.TestRegression" name="test_services_ok" time="0.093" /><testcase classname="tests.test_gallery_phaseb.TestRegression" name="test_design_fonts_ok" time="0.137" /></testsuite></testsuites>