<?xml version="1.0" encoding="utf-8"?><testsuites name="pytest tests"><testsuite name="pytest" errors="0" failures="0" skipped="0" tests="14" time="3.756" timestamp="2026-08-05T21:53:33.442020+00:00" hostname="agent-env-ef8abe31-4164-44a9-96e0-0b70e38598da"><testcase classname="tests.test_invitations.TestCreateAndPublic" name="test_create_returns_id_slug_url" time="0.556" /><testcase classname="tests.test_invitations.TestCreateAndPublic" name="test_expires_at_is_event_plus_15_days" time="0.000" /><testcase classname="tests.test_invitations.TestCreateAndPublic" name="test_public_get_returns_invitation" time="0.152" /><testcase classname="tests.test_invitations.TestRSVP" name="test_rsvp_empty_surname_returns_400" time="0.159" /><testcase classname="tests.test_invitations.TestRSVP" name="test_rsvp_valid_ok" time="0.153" /><testcase classname="tests.test_invitations.TestRSVP" name="test_rsvp_declined" time="0.163" /><testcase classname="tests.test_invitations.TestMemory" name="test_memory_submit_and_list" time="0.336" /><testcase classname="tests.test_invitations.TestMemory" name="test_memory_empty_message_400" time="0.153" /><testcase classname="tests.test_invitations.TestReport" name="test_report_stats" time="0.154" /><testcase classname="tests.test_invitations.TestReport" name="test_report_csv" time="0.607" /><testcase classname="tests.test_invitations.TestReport" name="test_other_member_cannot_read_report" time="0.552" /><testcase classname="tests.test_invitations.TestReport" name="test_other_member_cannot_read_invitation_detail" time="0.154" /><testcase classname="tests.test_invitations.TestMyInvitations" name="test_list_includes_created" time="0.178" /><testcase classname="tests.test_invitations.TestExpiredInvitation" name="test_expired_returns_410" time="0.312" /></testsuite></testsuites>