<?xml version="1.0" encoding="utf-8"?><testsuites name="pytest tests"><testsuite name="pytest" errors="0" failures="0" skipped="1" tests="5" time="2.472" timestamp="2026-08-22T15:04:49.424242+00:00" hostname="agent-env-ef8abe31-4164-44a9-96e0-0b70e38598da"><testcase classname="tests.test_appt_pro_iter72.TestConvertedStatus" name="test_patch_status_converted" time="1.132" /><testcase classname="tests.test_appt_pro_iter72.TestPublicRequestNotification" name="test_valid_request_returns_200_and_persists" time="1.609" /><testcase classname="tests.test_appt_pro_iter72.TestEmailStatus" name="test_email_configured_true" time="0.221"><skipped type="pytest.skip" message="email/status endpoint absent">/app/backend/tests/test_appt_pro_iter72.py:99: email/status endpoint absent</skipped></testcase><testcase classname="tests.test_appt_pro_iter72.TestPublicRequestNotification" name="test_kvkk_required_regression" time="0.146" /><testcase classname="tests.test_appt_pro_iter72.TestPublicRequestNotification" name="test_closed_day_regression" time="0.416" /></testsuite></testsuites>