<?xml version="1.0" encoding="utf-8"?><testsuites name="pytest tests"><testsuite name="pytest" errors="0" failures="0" skipped="0" tests="15" time="2.835" timestamp="2026-07-19T12:06:11.836771+00:00" hostname="agent-env-04f81707-4de9-4b20-8193-5663fd448228"><testcase classname="tests.test_transactions_export.TestPdfExport" name="test_pdf_all_periods[today]" time="0.875" /><testcase classname="tests.test_transactions_export.TestExcelExport" name="test_xlsx_all_periods[today]" time="1.099" /><testcase classname="tests.test_transactions_export.TestPdfExport" name="test_pdf_all_periods[week]" time="0.228" /><testcase classname="tests.test_transactions_export.TestExcelExport" name="test_xlsx_all_periods[week]" time="0.050" /><testcase classname="tests.test_transactions_export.TestPdfExport" name="test_pdf_all_periods[month]" time="0.072" /><testcase classname="tests.test_transactions_export.TestExcelExport" name="test_xlsx_all_periods[month]" time="0.048" /><testcase classname="tests.test_transactions_export.TestPdfExport" name="test_pdf_all_periods[year]" time="0.047" /><testcase classname="tests.test_transactions_export.TestExcelExport" name="test_xlsx_all_periods[year]" time="0.053" /><testcase classname="tests.test_transactions_export.TestPdfExport" name="test_pdf_all_periods[all]" time="0.049" /><testcase classname="tests.test_transactions_export.TestExcelExport" name="test_xlsx_all_periods[all]" time="0.049" /><testcase classname="tests.test_transactions_export.TestExportAuth" name="test_xlsx_no_auth_returns_401" time="0.138" /><testcase classname="tests.test_transactions_export.TestExcelExport" name="test_xlsx_month_header_row_and_data" time="0.156" /><testcase classname="tests.test_transactions_export.TestExportAuth" name="test_pdf_no_auth_returns_401" time="0.124" /><testcase classname="tests.test_transactions_export.TestExportAuth" name="test_xlsx_customer_returns_403" time="0.363" /><testcase classname="tests.test_transactions_export.TestExportAuth" name="test_pdf_customer_returns_403" time="0.138" /></testsuite></testsuites>