<?xml version="1.0" encoding="utf-8"?><testsuites name="pytest tests"><testsuite name="pytest" errors="0" failures="0" skipped="0" tests="5" time="2.454" timestamp="2026-08-12T16:46:50.365379+00:00" hostname="agent-env-ef8abe31-4164-44a9-96e0-0b70e38598da"><testcase classname="tests.test_iter46_module_entitlement" name="test_trial_opens_both_modules" time="0.607" /><testcase classname="tests.test_iter46_module_entitlement" name="test_studio_login_returns_modules" time="0.512" /><testcase classname="tests.test_iter46_module_entitlement" name="test_modules_pricing_savings" time="0.197" /><testcase classname="tests.test_iter46_module_entitlement" name="test_admin_studio_me_full_access" time="0.548" /><testcase classname="tests.test_iter46_module_entitlement" name="test_expired_member_studio_me_no_modules" time="0.535" /></testsuite></testsuites>