<?xml version="1.0" encoding="utf-8"?><testsuites name="pytest tests"><testsuite name="pytest" errors="0" failures="0" skipped="1" tests="14" time="4.143" timestamp="2026-08-06T09:09:12.927596+00:00" hostname="agent-env-ef8abe31-4164-44a9-96e0-0b70e38598da"><testcase classname="tests.test_iteration26_invitations.TestRevealStyleAndFreePricing" name="test_create_free_invitation_with_reveal_hearts" time="0.481" /><testcase classname="tests.test_iteration26_invitations.TestRevealStyleAndFreePricing" name="test_public_get_returns_reveal_style" time="0.126" /><testcase classname="tests.test_iteration26_invitations.TestPremiumPricing" name="test_create_premium_noir_with_photowall_price_750" time="0.043" /><testcase classname="tests.test_iteration26_invitations.TestPremiumPricing" name="test_unpaid_premium_slug_public_404" time="0.096" /><testcase classname="tests.test_iteration26_invitations.TestPremiumPricing" name="test_create_premium_only_price_250" time="0.045" /><testcase classname="tests.test_iteration26_invitations.TestPremiumPricing" name="test_create_free_theme_photowall_only_price_500" time="0.045" /><testcase classname="tests.test_iteration26_invitations.TestUpdatePreserveRevealAndExpiry" name="test_update_keeps_reveal_style_and_end_of_day_expiry" time="0.046" /><testcase classname="tests.test_iteration26_invitations.TestPaytrExtend" name="test_paytr_create_extend_returns_link" time="1.082" /><testcase classname="tests.test_iteration26_invitations.TestPaytrExtend" name="test_paytr_create_extend_already_extended_returns_400" time="0.000"><skipped type="pytest.skip" message="Cannot flip 'extended' server-side without completing PayTR payment; covered by code review.">/app/backend/tests/test_iteration26_invitations.py:215: Cannot flip 'extended' server-side without completing PayTR payment; covered by code review.</skipped></testcase><testcase classname="tests.test_iteration26_invitations.TestPhotoWallUploadAndList" name="test_upload_image_to_seeded_photowall" time="0.294" /><testcase classname="tests.test_iteration26_invitations.TestPhotoWallUploadAndList" name="test_upload_video_to_seeded_photowall" time="0.360" /><testcase classname="tests.test_iteration26_invitations.TestPhotoWallUploadAndList" name="test_list_photos_returns_kind" time="0.091" /><testcase classname="tests.test_iteration26_invitations.TestOwnerModeration" name="test_manage_returns_storage_and_fields" time="0.103" /><testcase classname="tests.test_iteration26_invitations.TestOwnerZipDownload" name="test_download_zip" time="1.248" /></testsuite></testsuites>