<?xml version="1.0" encoding="utf-8"?><testsuites name="pytest tests"><testsuite name="pytest" errors="0" failures="0" skipped="0" tests="10" time="3.106" timestamp="2026-08-22T13:23:05.812748+00:00" hostname="agent-env-ef8abe31-4164-44a9-96e0-0b70e38598da"><testcase classname="tests.test_appt_pro_iter71.TestPublicRequests" name="test_kvkk_required" time="0.231" /><testcase classname="tests.test_appt_pro_iter71.TestServicesKind" name="test_kind_service_includes_aktuel_kamera" time="0.682" /><testcase classname="tests.test_appt_pro_iter71.TestServicesKind" name="test_kind_event_returns_events_only" time="0.118" /><testcase classname="tests.test_appt_pro_iter71.TestPublicRequests" name="test_valid_request_creates" time="0.950" /><testcase classname="tests.test_appt_pro_iter71.TestServicesKind" name="test_service_crud_preserves_kind" time="0.576" /><testcase classname="tests.test_appt_pro_iter71.TestPublicRequests" name="test_blocked_day_rejects" time="0.797" /><testcase classname="tests.test_appt_pro_iter71.TestBlocks" name="test_block_all_day_and_range" time="0.756" /><testcase classname="tests.test_appt_pro_iter71.TestContractPDF" name="test_venue_pdf_single_page" time="0.434" /><testcase classname="tests.test_appt_pro_iter71.TestContractSettings" name="test_put_dual_clauses_kvkk_workinghours" time="0.325" /><testcase classname="tests.test_appt_pro_iter71.TestContractPDF" name="test_photo_pdf_single_page_no_davetevi" time="0.366" /></testsuite></testsuites>