<?xml version="1.0" encoding="utf-8"?><testsuites name="pytest tests"><testsuite name="pytest" errors="0" failures="1" skipped="1" tests="14" time="13.135" timestamp="2026-08-10T10:26:00.788657+00:00" hostname="agent-env-ef8abe31-4164-44a9-96e0-0b70e38598da"><testcase classname="tests.test_iteration10_design_rights.TestAdminPackagesCRUD" name="test_list_requires_auth" time="0.190" /><testcase classname="tests.test_iteration10_design_rights.TestAdminPackagesCRUD" name="test_create_requires_auth" time="0.099" /><testcase classname="tests.test_iteration10_design_rights.TestAdminPackagesCRUD" name="test_list_seeded" time="0.437" /><testcase classname="tests.test_iteration10_design_rights.TestAdminPackagesCRUD" name="test_full_crud_cycle" time="0.606" /><testcase classname="tests.test_iteration10_design_rights.TestStudioRightsPackages" name="test_requires_studio_auth" time="0.129" /><testcase classname="tests.test_iteration10_design_rights.TestStudioRightsPackages" name="test_returns_active_and_rights" time="0.444" /><testcase classname="tests.test_iteration10_design_rights.TestPayTRStudioRights" name="test_create_link_and_status" time="1.046" /><testcase classname="tests.test_iteration10_design_rights.TestPayTRStudioRights" name="test_invalid_package" time="0.095" /><testcase classname="tests.test_iteration10_design_rights.TestAiEdit" name="test_invalid_asset_404" time="0.107" /><testcase classname="tests.test_iteration10_design_rights.TestAiEdit" name="test_revise_success_once" time="9.250" /><testcase classname="tests.test_iteration10_design_rights.TestAiEditForeign" name="test_foreign_asset_404" time="0.106"><failure message="assert 422 == 404&#10; +  where 422 = &lt;Response [422]&gt;.status_code">backend/tests/test_iteration10_design_rights.py:252: in test_foreign_asset_404
    assert r.status_code == 404
E   assert 422 == 404
E    +  where 422 = &lt;Response [422]&gt;.status_code</failure></testcase><testcase classname="tests.test_iteration10_design_rights.TestRegression" name="test_services_ok" time="0.101" /><testcase classname="tests.test_iteration10_design_rights.TestRegression" name="test_admin_login_ok" time="0.324" /><testcase classname="tests.test_iteration10_design_rights.TestRegression" name="test_existing_paytr_subscription_link" time="0.089"><skipped type="pytest.skip" message="expired member login unavailable: 401">/app/backend/tests/test_iteration10_design_rights.py:273: expired member login unavailable: 401</skipped></testcase></testsuite></testsuites>