<?xml version="1.0" encoding="utf-8"?><testsuites name="pytest tests"><testsuite name="pytest" errors="0" failures="0" skipped="0" tests="14" time="3.722" timestamp="2026-07-20T13:22:11.510716+00:00" hostname="agent-env-04f81707-4de9-4b20-8193-5663fd448228"><testcase classname="tests.test_iteration15_appointments_phases.TestAvailability" name="test_public_availability_30min_08_to_2330" time="0.125" /><testcase classname="tests.test_iteration15_appointments_phases.TestAvailability" name="test_admin_availability_full_24h" time="0.513" /><testcase classname="tests.test_iteration15_appointments_phases.TestAppointmentCreate" name="test_reject_out_of_hours" time="0.549" /><testcase classname="tests.test_iteration15_appointments_phases.TestAppointmentCreate" name="test_reject_non_30min_grid" time="0.103" /><testcase classname="tests.test_iteration15_appointments_phases.TestAppointmentCreate" name="test_create_with_event_fields" time="0.601" /><testcase classname="tests.test_iteration15_appointments_phases.TestAdminUpdateAppointment" name="test_update_admin_fields" time="0.205" /><testcase classname="tests.test_iteration15_appointments_phases.TestAdminUpdateAppointment" name="test_reschedule_to_valid_30min" time="0.104" /><testcase classname="tests.test_iteration15_appointments_phases.TestAdminUpdateAppointment" name="test_reschedule_invalid_time_rejected" time="0.127" /><testcase classname="tests.test_iteration15_appointments_phases.TestMidPayments" name="test_add_mid_payment_admin" time="0.193" /><testcase classname="tests.test_iteration15_appointments_phases.TestMidPayments" name="test_customer_cannot_add_mid_payment" time="0.144" /><testcase classname="tests.test_iteration15_appointments_phases.TestMidPayments" name="test_remove_mid_payment" time="0.115" /><testcase classname="tests.test_iteration15_appointments_phases.TestWalkin" name="test_walkin_full_24h_valid" time="0.126" /><testcase classname="tests.test_iteration15_appointments_phases.TestWalkin" name="test_walkin_rejects_bad_grid" time="0.110" /><testcase classname="tests.test_iteration15_appointments_phases.TestGetAppointment" name="test_get_single_admin" time="0.627" /></testsuite></testsuites>