<?xml version="1.0" encoding="utf-8"?><testsuites name="pytest tests"><testsuite name="pytest" errors="0" failures="0" skipped="0" tests="5" time="4.654" timestamp="2026-07-19T01:44:09.992964+00:00" hostname="agent-env-04f81707-4de9-4b20-8193-5663fd448228"><testcase classname="tests.test_cancel_delete_appointments.TestCancelAppointment" name="test_patch_cancel_returns_200_and_updates_status" time="2.593" /><testcase classname="tests.test_cancel_delete_appointments.TestHardDelete" name="test_delete_returns_ok_and_removes" time="2.840" /><testcase classname="tests.test_cancel_delete_appointments.TestHardDelete" name="test_delete_requires_admin" time="0.255" /><testcase classname="tests.test_cancel_delete_appointments.TestCancelAppointment" name="test_patch_cancel_requires_admin" time="0.603" /><testcase classname="tests.test_cancel_delete_appointments.TestFlowCancelThenDelete" name="test_full_flow" time="0.950" /></testsuite></testsuites>