<?xml version="1.0" encoding="utf-8"?><testsuites name="pytest tests"><testsuite name="pytest" errors="0" failures="0" skipped="0" tests="9" time="3.186" timestamp="2026-07-19T01:32:19.575229+00:00" hostname="agent-env-04f81707-4de9-4b20-8193-5663fd448228"><testcase classname="tests.test_admin_login_alias" name="test_login_admin_main_success" time="0.453" /><testcase classname="tests.test_admin_login_alias" name="test_login_admin_alias_success" time="0.290" /><testcase classname="tests.test_admin_login_alias" name="test_login_whitespace_tolerance" time="0.282" /><testcase classname="tests.test_admin_login_alias" name="test_login_case_insensitive" time="0.279" /><testcase classname="tests.test_admin_login_alias" name="test_login_wrong_password_main" time="0.280" /><testcase classname="tests.test_admin_login_alias" name="test_login_wrong_password_alias" time="0.276" /><testcase classname="tests.test_admin_login_alias" name="test_login_nonexistent_email" time="0.055" /><testcase classname="tests.test_admin_login_alias" name="test_auth_me_with_token_main" time="0.417" /><testcase classname="tests.test_admin_login_alias" name="test_auth_me_with_token_alias" time="0.391" /></testsuite></testsuites>