<?xml version="1.0" encoding="utf-8"?><testsuites name="pytest tests"><testsuite name="pytest" errors="0" failures="0" skipped="0" tests="10" time="2.587" timestamp="2026-08-04T19:02:44.773520+00:00" hostname="agent-env-ef8abe31-4164-44a9-96e0-0b70e38598da"><testcase classname="tests.test_byok_credits.TestAuthRequired" name="test_ai_credits_requires_auth" time="0.363" /><testcase classname="tests.test_byok_credits.TestAuthRequired" name="test_get_gemini_key_requires_auth" time="0.221" /><testcase classname="tests.test_byok_credits.TestAuthRequired" name="test_post_gemini_key_requires_auth" time="0.292" /><testcase classname="tests.test_byok_credits.TestGeminiKey" name="test_get_initial_no_key" time="0.942" /><testcase classname="tests.test_byok_credits.TestAuthRequired" name="test_delete_gemini_key_requires_auth" time="0.222" /><testcase classname="tests.test_byok_credits.TestGeminiKey" name="test_post_invalid_key_rejected" time="1.055" /><testcase classname="tests.test_byok_credits.TestAuth" name="test_login_returns_token" time="0.473" /><testcase classname="tests.test_byok_credits.TestAICredits" name="test_ai_credits_shape" time="0.181" /><testcase classname="tests.test_byok_credits.TestGeminiKey" name="test_get_still_not_connected_after_invalid" time="0.151" /><testcase classname="tests.test_byok_credits.TestGeminiKey" name="test_delete_returns_disconnected" time="0.129" /></testsuite></testsuites>