<?xml version="1.0" encoding="utf-8"?><testsuites name="pytest tests"><testsuite name="pytest" errors="0" failures="0" skipped="0" tests="11" time="4.889" timestamp="2026-08-05T20:36:18.671734+00:00" hostname="agent-env-ef8abe31-4164-44a9-96e0-0b70e38598da"><testcase classname="tests.test_admin_memberships_contacts.TestAdminAuthGuard" name="test_memberships_requires_admin" time="0.168" /><testcase classname="tests.test_admin_memberships_contacts.TestAdminAuthGuard" name="test_export_requires_admin" time="0.223" /><testcase classname="tests.test_admin_memberships_contacts.TestAdminAuthGuard" name="test_member_token_forbidden_on_admin" time="0.884" /><testcase classname="tests.test_admin_memberships_contacts.TestAdminMemberships" name="test_memberships_shape_and_pricing" time="0.715" /><testcase classname="tests.test_admin_memberships_contacts.TestAdminMemberships" name="test_contacts_shape" time="0.082" /><testcase classname="tests.test_admin_memberships_contacts.TestAdminMemberships" name="test_export_contacts_csv" time="0.084" /><testcase classname="tests.test_admin_memberships_contacts.TestAdminMemberships" name="test_export_memberships_csv" time="0.096" /><testcase classname="tests.test_admin_memberships_contacts.TestTrialOnce" name="test_trial_flow_phone_and_company" time="1.379" /><testcase classname="tests.test_admin_memberships_contacts.TestPaytrCreate" name="test_paytr_monthly_link" time="1.583" /><testcase classname="tests.test_admin_memberships_contacts.TestFeatureTracking" name="test_credit_topup_callback_tracks_feature" time="2.186" /><testcase classname="tests.test_admin_memberships_contacts.TestPaytrCreate" name="test_paytr_yearly_link" time="0.996" /></testsuite></testsuites>