<?xml version="1.0" encoding="utf-8"?><testsuites name="pytest tests"><testsuite name="pytest" errors="0" failures="0" skipped="0" tests="16" time="3.052" timestamp="2026-07-18T22:28:18.608037+00:00" hostname="agent-env-04f81707-4de9-4b20-8193-5663fd448228"><testcase classname="tests.test_settings_transactions.TestSettings" name="test_get_settings_public" time="0.601" /><testcase classname="tests.test_settings_transactions.TestSettings" name="test_put_settings_admin_updates" time="0.198" /><testcase classname="tests.test_settings_transactions.TestSettings" name="test_put_settings_unauth_forbidden" time="0.105" /><testcase classname="tests.test_settings_transactions.TestSettings" name="test_put_settings_customer_forbidden" time="0.367" /><testcase classname="tests.test_settings_transactions.TestSettings" name="test_logo_upload_and_download" time="0.660" /><testcase classname="tests.test_settings_transactions.TestSettings" name="test_logo_upload_customer_forbidden" time="0.053" /><testcase classname="tests.test_settings_transactions.TestTransactions" name="test_create_income_and_expense" time="0.096" /><testcase classname="tests.test_settings_transactions.TestTransactions" name="test_list_transactions_and_filters" time="0.174" /><testcase classname="tests.test_settings_transactions.TestTransactions" name="test_summary_today_week_month" time="0.046" /><testcase classname="tests.test_settings_transactions.TestTransactions" name="test_update_transaction" time="0.090" /><testcase classname="tests.test_settings_transactions.TestTransactions" name="test_delete_transaction" time="0.161" /><testcase classname="tests.test_settings_transactions.TestTransactionAuthGuards" name="test_unauth_get_transactions" time="0.139" /><testcase classname="tests.test_settings_transactions.TestTransactionAuthGuards" name="test_customer_get_transactions_forbidden" time="0.045" /><testcase classname="tests.test_settings_transactions.TestTransactionAuthGuards" name="test_customer_post_transactions_forbidden" time="0.050" /><testcase classname="tests.test_settings_transactions.TestTransactionAuthGuards" name="test_customer_summary_forbidden" time="0.042" /><testcase classname="tests.test_settings_transactions.TestTransactionAuthGuards" name="test_unauth_get_summary" time="0.139" /></testsuite></testsuites>