<?xml version="1.0" encoding="utf-8"?><testsuites name="pytest tests"><testsuite name="pytest" errors="0" failures="0" skipped="0" tests="8" time="3.069" timestamp="2026-08-10T18:56:36.488741+00:00" hostname="agent-env-ef8abe31-4164-44a9-96e0-0b70e38598da"><testcase classname="tests.test_iter44" name="test_admin_free_premium_photowall" time="0.505" /><testcase classname="tests.test_iter44" name="test_member_premium_photowall_requires_payment" time="0.523" /><testcase classname="tests.test_iter44" name="test_admin_studio_me" time="0.069" /><testcase classname="tests.test_iter44" name="test_photowall_tiers_public" time="0.110" /><testcase classname="tests.test_iter44" name="test_admin_photowall_config_get_put" time="0.311" /><testcase classname="tests.test_iter44" name="test_table_qr_pdf_gold" time="0.224" /><testcase classname="tests.test_iter44" name="test_table_qr_pdf_forbidden_silver" time="0.119" /><testcase classname="tests.test_iter44" name="test_spam_box_flow" time="1.139" /></testsuite></testsuites>