<?xml version="1.0" encoding="utf-8"?><testsuites name="pytest tests"><testsuite name="pytest" errors="0" failures="0" skipped="0" tests="5" time="3.025" timestamp="2026-08-04T19:18:59.754784+00:00" hostname="agent-env-ef8abe31-4164-44a9-96e0-0b70e38598da"><testcase classname="tests.test_credit_topup" name="test_ai_credits_shape" time="1.013" /><testcase classname="tests.test_credit_topup" name="test_credit_packages_shape" time="0.253" /><testcase classname="tests.test_credit_topup" name="test_topup_success_and_persists" time="0.673" /><testcase classname="tests.test_credit_topup" name="test_topup_invalid_package" time="0.246" /><testcase classname="tests.test_credit_topup" name="test_endpoints_require_auth" time="0.491" /></testsuite></testsuites>