<?xml version="1.0" encoding="utf-8"?><testsuites name="pytest tests"><testsuite name="pytest" errors="0" failures="0" skipped="1" tests="33" time="7.054" timestamp="2026-07-19T14:04:01.467242+00:00" hostname="agent-env-04f81707-4de9-4b20-8193-5663fd448228"><testcase classname="tests.test_new_features.TestGuestEvents" name="test_01_create_event" time="0.666" /><testcase classname="tests.test_new_features.TestPhotoAlbums" name="test_01_create_album" time="0.760" /><testcase classname="tests.test_new_features.TestGuestEvents" name="test_02_public_info_no_auth" time="0.098" /><testcase classname="tests.test_new_features.TestPhotoAlbums" name="test_02_list_albums" time="0.106" /><testcase classname="tests.test_new_features.TestGuestEvents" name="test_03_upload_requires_auth" time="0.105" /><testcase classname="tests.test_new_features.TestPhotoAlbums" name="test_03_upload_photos" time="0.997" /><testcase classname="tests.test_new_features.TestGuestEvents" name="test_04_upload_kvkk_required" time="0.995" /><testcase classname="tests.test_new_features.TestGuestEvents" name="test_05_upload_ok" time="0.372" /><testcase classname="tests.test_new_features.TestPhotoAlbums" name="test_04_get_album_detail_photo_count" time="0.373" /><testcase classname="tests.test_new_features.TestGuestEvents" name="test_06_my_usage" time="0.144" /><testcase classname="tests.test_new_features.TestPhotoAlbums" name="test_05_public_requires_auth" time="0.094" /><testcase classname="tests.test_new_features.TestGuestEvents" name="test_07_upload_quota_exceeded" time="0.883" /><testcase classname="tests.test_new_features.TestPhotoAlbums" name="test_06_public_get_album_authenticated" time="0.588" /><testcase classname="tests.test_new_features.TestPhotoAlbums" name="test_07_public_file_download" time="0.261" /><testcase classname="tests.test_new_features.TestPhotoAlbums" name="test_08_submit_selections" time="0.340" /><testcase classname="tests.test_new_features.TestGuestEvents" name="test_08_upload_count_incremented" time="0.260" /><testcase classname="tests.test_new_features.TestPhotoAlbums" name="test_09_submit_selections_overwrites" time="0.356" /><testcase classname="tests.test_new_features.TestGuestEvents" name="test_09_extend" time="0.425" /><testcase classname="tests.test_new_features.TestGuestEvents" name="test_10_download_zip" time="0.226" /><testcase classname="tests.test_new_features.TestPhotoAlbums" name="test_10_admin_view_selections" time="0.298" /><testcase classname="tests.test_new_features.TestGuestEvents" name="test_99_delete_event" time="0.289" /><testcase classname="tests.test_new_features.TestPhotoAlbums" name="test_11_delete_photo" time="0.372" /><testcase classname="tests.test_new_features.TestProductOptions" name="test_01_create_canvas" time="0.143" /><testcase classname="tests.test_new_features.TestPhotoAlbums" name="test_99_delete_album" time="0.239" /><testcase classname="tests.test_new_features.TestProductOptions" name="test_02_create_album" time="0.091" /><testcase classname="tests.test_new_features.TestProductOptions" name="test_03_public_list" time="0.106" /><testcase classname="tests.test_new_features.TestHealth" name="test_root" time="0.093" /><testcase classname="tests.test_new_features.TestProductOptions" name="test_04_filter_by_kind" time="0.136" /><testcase classname="tests.test_new_features.TestHealth" name="test_admin_login" time="0.330" /><testcase classname="tests.test_new_features.TestProductOptions" name="test_99_cleanup" time="0.388" /><testcase classname="tests.test_new_features.TestGuestEventTurkishZipBug" name="test_zip_with_turkish_event_name_fails" time="1.004"><skipped type="pytest.xfail" message="KNOWN BUG: download-zip 500s when event.name contains non-latin-1 chars (Turkish ğ/ü). Fix: encode Content-Disposition filename via RFC 5987." /></testcase><testcase classname="tests.test_new_features.TestCashDiscrepancy" name="test_discrepancy_shape" time="0.105" /><testcase classname="tests.test_new_features.TestSettingsPersistence" name="test_settings_seo_typography_persist" time="0.201" /></testsuite></testsuites>