<?xml version="1.0" encoding="utf-8"?><testsuites name="pytest tests"><testsuite name="pytest" errors="0" failures="0" skipped="0" tests="34" time="10.086" timestamp="2026-08-05T23:01:40.153230+00:00" hostname="agent-env-ef8abe31-4164-44a9-96e0-0b70e38598da"><testcase classname="tests.test_iteration25_invitations.TestPrintPdf" name="test_options" time="0.180" /><testcase classname="tests.test_iteration25_invitations.TestPrintPdf" name="test_missing_person1_returns_400" time="0.156" /><testcase classname="tests.test_iteration25_invitations.TestPrintPdf" name="test_pdf_sizes_symbols[heart-a5]" time="0.223" /><testcase classname="tests.test_iteration25_invitations.TestPrintPdf" name="test_pdf_sizes_symbols[heart-a6]" time="0.191" /><testcase classname="tests.test_iteration25_invitations.TestPrintPdf" name="test_pdf_sizes_symbols[heart-10x15]" time="0.197" /><testcase classname="tests.test_iteration25_invitations.TestPrintPdf" name="test_pdf_sizes_symbols[heart-dl]" time="0.183" /><testcase classname="tests.test_iteration25_invitations.TestPrintPdf" name="test_pdf_sizes_symbols[rings-a5]" time="0.224" /><testcase classname="tests.test_iteration25_invitations.TestPrintPdf" name="test_pdf_sizes_symbols[rings-a6]" time="0.201" /><testcase classname="tests.test_iteration25_invitations.TestPrintPdf" name="test_pdf_sizes_symbols[rings-10x15]" time="0.204" /><testcase classname="tests.test_iteration25_invitations.TestPrintPdf" name="test_pdf_sizes_symbols[rings-dl]" time="0.200" /><testcase classname="tests.test_iteration25_invitations.TestPrintPdf" name="test_pdf_sizes_symbols[floral-a5]" time="0.170" /><testcase classname="tests.test_iteration25_invitations.TestPrintPdf" name="test_pdf_sizes_symbols[floral-a6]" time="0.190" /><testcase classname="tests.test_iteration25_invitations.TestPrintPdf" name="test_pdf_sizes_symbols[floral-10x15]" time="0.200" /><testcase classname="tests.test_iteration25_invitations.TestPrintPdf" name="test_pdf_sizes_symbols[floral-dl]" time="0.283" /><testcase classname="tests.test_iteration25_invitations.TestPrintPdf" name="test_pdf_sizes_symbols[star-a5]" time="0.188" /><testcase classname="tests.test_iteration25_invitations.TestPrintPdf" name="test_pdf_sizes_symbols[star-a6]" time="0.197" /><testcase classname="tests.test_iteration25_invitations.TestPrintPdf" name="test_pdf_sizes_symbols[star-10x15]" time="0.182" /><testcase classname="tests.test_iteration25_invitations.TestPrintPdf" name="test_pdf_sizes_symbols[star-dl]" time="0.193" /><testcase classname="tests.test_iteration25_invitations.TestPrintPdf" name="test_pdf_sizes_symbols[crescent-a5]" time="0.210" /><testcase classname="tests.test_iteration25_invitations.TestPrintPdf" name="test_pdf_sizes_symbols[crescent-a6]" time="0.200" /><testcase classname="tests.test_iteration25_invitations.TestPrintPdf" name="test_pdf_sizes_symbols[crescent-10x15]" time="0.186" /><testcase classname="tests.test_iteration25_invitations.TestPrintPdf" name="test_pdf_sizes_symbols[crescent-dl]" time="0.191" /><testcase classname="tests.test_iteration25_invitations.TestPrintPdf" name="test_pdf_sizes_symbols[none-a5]" time="0.199" /><testcase classname="tests.test_iteration25_invitations.TestPrintPdf" name="test_pdf_sizes_symbols[none-a6]" time="0.183" /><testcase classname="tests.test_iteration25_invitations.TestPrintPdf" name="test_pdf_sizes_symbols[none-10x15]" time="0.205" /><testcase classname="tests.test_iteration25_invitations.TestPrintPdf" name="test_pdf_sizes_symbols[none-dl]" time="0.195" /><testcase classname="tests.test_iteration25_invitations.TestPricingGating" name="test_free_theme_published" time="0.700" /><testcase classname="tests.test_iteration25_invitations.TestPricingGating" name="test_premium_theme_unpaid_and_hidden" time="0.302" /><testcase classname="tests.test_iteration25_invitations.TestPricingGating" name="test_photowall_price_750" time="0.154" /><testcase classname="tests.test_iteration25_invitations.TestPricingGating" name="test_server_ignores_client_price" time="0.162" /><testcase classname="tests.test_iteration25_invitations.TestPaytrInvitation" name="test_paytr_create_premium" time="1.305" /><testcase classname="tests.test_iteration25_invitations.TestPaytrInvitation" name="test_paytr_create_free_400" time="0.302" /><testcase classname="tests.test_iteration25_invitations.TestPaytrInvitation" name="test_paytr_create_other_user_404" time="0.675" /><testcase classname="tests.test_iteration25_invitations.TestPhotoWall" name="test_upload_and_list" time="1.265" /></testsuite></testsuites>