<?xml version="1.0" encoding="utf-8"?><testsuites name="pytest tests"><testsuite name="pytest" errors="0" failures="0" skipped="0" tests="9" time="2.679" timestamp="2026-08-12T16:14:20.914321+00:00" hostname="agent-env-ef8abe31-4164-44a9-96e0-0b70e38598da"><testcase classname="tests.test_iter45" name="test_member_studio_me_design_only" time="0.677" /><testcase classname="tests.test_iter45" name="test_admin_bulk_print_packages_crud" time="0.638" /><testcase classname="tests.test_iter45" name="test_member_bulk_print_listing" time="0.123" /><testcase classname="tests.test_iter45" name="test_member_bulk_print_buy_creates_paytr" time="0.782" /><testcase classname="tests.test_iter45" name="test_print_consume_admin_bypass" time="0.075" /><testcase classname="tests.test_iter45" name="test_print_consume_member_zero_capacity" time="0.078" /><testcase classname="tests.test_iter45" name="test_bulk_print_pdf_single" time="0.094" /><testcase classname="tests.test_iter45" name="test_bulk_print_pdf_zip" time="0.070" /><testcase classname="tests.test_iter45" name="test_admin_design_rights_packages" time="0.071" /></testsuite></testsuites>