<?xml version="1.0" encoding="utf-8"?><testsuites name="pytest tests"><testsuite name="pytest" errors="0" failures="0" skipped="0" tests="5" time="4.350" timestamp="2026-07-19T16:47:21.969860+00:00" hostname="agent-env-04f81707-4de9-4b20-8193-5663fd448228"><testcase classname="tests.test_iteration10_bugfixes.TestXlsxRegression" name="test_xlsx_turkish_headers" time="0.852" /><testcase classname="tests.test_iteration10_bugfixes.TestPdfTurkishFont" name="test_pdf_contains_turkish_and_lira" time="1.241" /><testcase classname="tests.test_iteration10_bugfixes.TestPdfTurkishFont" name="test_pdf_valid_pdf_all_periods" time="0.738" /><testcase classname="tests.test_iteration10_bugfixes.TestGuestEventUpload" name="test_customer_upload_file" time="1.010" /><testcase classname="tests.test_iteration10_bugfixes.TestAlbumUpload" name="test_upload_three_photos" time="1.408" /></testsuite></testsuites>