<?xml version="1.0" encoding="utf-8"?><testsuites name="pytest tests"><testsuite name="pytest" errors="0" failures="0" skipped="0" tests="13" time="2.090" timestamp="2026-08-05T10:09:25.338118+00:00" hostname="agent-env-ef8abe31-4164-44a9-96e0-0b70e38598da"><testcase classname="tests.test_member_vesikalik.TestVesikalikAccess" name="test_credits_no_auth" time="0.419" /><testcase classname="tests.test_member_vesikalik.TestVesikalikAccess" name="test_topup_no_auth" time="0.127" /><testcase classname="tests.test_member_vesikalik.TestMemberAuth" name="test_register_returns_trial_membership" time="0.434" /><testcase classname="tests.test_member_vesikalik.TestMemberAuth" name="test_register_duplicate_email" time="0.188" /><testcase classname="tests.test_member_vesikalik.TestMemberAuth" name="test_login_wrong_password" time="0.477" /><testcase classname="tests.test_member_vesikalik.TestVesikalikAccess" name="test_credits_member" time="0.543" /><testcase classname="tests.test_member_vesikalik.TestVesikalikAccess" name="test_packages_member" time="0.055" /><testcase classname="tests.test_member_vesikalik.TestMemberAuth" name="test_login_ok" time="0.386" /><testcase classname="tests.test_member_vesikalik.TestVesikalikAccess" name="test_gemini_key_member" time="0.055" /><testcase classname="tests.test_member_vesikalik.TestVesikalikAccess" name="test_topup_member_p10" time="0.320" /><testcase classname="tests.test_member_vesikalik.TestMemberAuth" name="test_me_with_cookie" time="0.097" /><testcase classname="tests.test_member_vesikalik.TestSubscribe" name="test_subscribe_extends_paid" time="0.045" /><testcase classname="tests.test_member_vesikalik.TestMemberAuth" name="test_me_without_auth" time="0.167" /></testsuite></testsuites>