<?xml version="1.0" encoding="utf-8"?><testsuites name="pytest tests"><testsuite name="pytest" errors="0" failures="0" skipped="0" tests="3" time="1.430" timestamp="2026-08-10T15:01:44.142227+00:00" hostname="agent-env-ef8abe31-4164-44a9-96e0-0b70e38598da"><testcase classname="tests.test_public_nav_and_event_create" name="test_studio_me_active_gold" time="0.430" /><testcase classname="tests.test_public_nav_and_event_create" name="test_create_event_returns_client_phone" time="0.124" /><testcase classname="tests.test_public_nav_and_event_create" name="test_expired_studio_quota_402_upgrade" time="0.822" /></testsuite></testsuites>