<?xml version="1.0" encoding="utf-8"?><testsuites name="pytest tests"><testsuite name="pytest" errors="0" failures="0" skipped="0" tests="4" time="5.301" timestamp="2026-08-05T10:49:47.274691+00:00" hostname="agent-env-ef8abe31-4164-44a9-96e0-0b70e38598da"><testcase classname="tests.test_paytr_payments" name="test_create_subscription_link" time="1.119" /><testcase classname="tests.test_paytr_payments" name="test_create_credits_p25_link" time="0.639" /><testcase classname="tests.test_paytr_payments" name="test_callback_bad_hash_rejected" time="0.846" /><testcase classname="tests.test_paytr_payments" name="test_callback_grant_and_idempotency" time="2.386" /></testsuite></testsuites>