<?xml version="1.0" encoding="utf-8"?><testsuites name="pytest tests"><testsuite name="pytest" errors="0" failures="0" skipped="0" tests="10" time="2.840" timestamp="2026-08-10T13:57:09.618277+00:00" hostname="agent-env-ef8abe31-4164-44a9-96e0-0b70e38598da"><testcase classname="tests.test_phase2_studio_team_chat.TestStudioMe" name="test_owner_me" time="0.543" /><testcase classname="tests.test_phase2_studio_team_chat.TestStudioMe" name="test_employee_me" time="0.475" /><testcase classname="tests.test_phase2_studio_team_chat.TestEmployeeCRUD" name="test_list_employees" time="0.068" /><testcase classname="tests.test_phase2_studio_team_chat.TestEmployeeCRUD" name="test_add_toggle_reset_delete" time="1.076" /><testcase classname="tests.test_phase2_studio_team_chat.TestChat" name="test_owner_chat_enabled" time="0.064" /><testcase classname="tests.test_phase2_studio_team_chat.TestChat" name="test_owner_post_message" time="0.133" /><testcase classname="tests.test_phase2_studio_team_chat.TestChat" name="test_employee_sees_message_and_unread" time="0.133" /><testcase classname="tests.test_phase2_studio_team_chat.TestChat" name="test_no_auth_401" time="0.116" /><testcase classname="tests.test_phase2_studio_team_chat.TestVesikalikCredits" name="test_no_auth_401" time="0.095" /><testcase classname="tests.test_phase2_studio_team_chat.TestVesikalikCredits" name="test_studio_role" time="0.063" /></testsuite></testsuites>