<?xml version="1.0" encoding="utf-8"?><testsuites name="pytest tests"><testsuite name="pytest" errors="0" failures="0" skipped="0" tests="3" time="4.183" timestamp="2026-08-10T14:34:44.292655+00:00" hostname="agent-env-ef8abe31-4164-44a9-96e0-0b70e38598da"><testcase classname="tests.test_phase2_e2e_flow" name="test_full_e2e_flow" time="3.216" /><testcase classname="tests.test_phase2_e2e_flow" name="test_watermark_off_originals_on_reflects_public" time="0.273" /><testcase classname="tests.test_phase2_e2e_flow" name="test_assign_order_and_employee_scope" time="0.624" /></testsuite></testsuites>