<?xml version="1.0" encoding="utf-8"?><testsuites name="pytest tests"><testsuite name="pytest" errors="0" failures="1" skipped="0" tests="11" time="3.543" timestamp="2026-08-10T14:33:42.953156+00:00" hostname="agent-env-ef8abe31-4164-44a9-96e0-0b70e38598da"><testcase classname="tests.test_phase2_gallery_expiry_modules" name="test_event_creates_with_gold_expiry" time="0.654" /><testcase classname="tests.test_phase2_gallery_expiry_modules" name="test_extend_link_once_then_400" time="0.227" /><testcase classname="tests.test_phase2_gallery_expiry_modules" name="test_order_flow_labels" time="0.074" /><testcase classname="tests.test_phase2_gallery_expiry_modules" name="test_gallery_settings_toggle" time="0.302" /><testcase classname="tests.test_phase2_gallery_expiry_modules" name="test_upload_init_raw_flag" time="0.144" /><testcase classname="tests.test_phase2_gallery_expiry_modules" name="test_modules_pricing_20pct_discount" time="0.074" /><testcase classname="tests.test_phase2_gallery_expiry_modules" name="test_module_paytr_create" time="1.012"><failure message="AssertionError: No payment URL/token in response: {'callback_id': 'aa619adce6c54c608cbf2ec40ca3ce2a', 'link': 'https://www.paytr.com/link/uEarxYB', 'paytr_link_id': 'uEarxYB'}&#10;assert False">backend/tests/test_phase2_gallery_expiry_modules.py:152: in test_module_paytr_create
    assert has_url, f"No payment URL/token in response: {data}"
E   AssertionError: No payment URL/token in response: {'callback_id': 'aa619adce6c54c608cbf2ec40ca3ce2a', 'link': 'https://www.paytr.com/link/uEarxYB', 'paytr_link_id': 'uEarxYB'}
E   assert False</failure></testcase><testcase classname="tests.test_phase2_gallery_expiry_modules" name="test_public_event_shape" time="0.137" /><testcase classname="tests.test_phase2_gallery_expiry_modules" name="test_employee_sees_only_assigned_orders" time="0.503" /><testcase classname="tests.test_phase2_gallery_expiry_modules" name="test_employee_cannot_change_settings" time="0.090" /><testcase classname="tests.test_phase2_gallery_expiry_modules" name="test_ai_credits_auth_matrix" time="0.257" /></testsuite></testsuites>