<?xml version="1.0" encoding="utf-8"?><testsuites name="pytest tests"><testsuite name="pytest" errors="0" failures="0" skipped="0" tests="5" time="1.803" timestamp="2026-08-10T13:06:36.496753+00:00" hostname="agent-env-ef8abe31-4164-44a9-96e0-0b70e38598da"><testcase classname="tests.test_phase1_studio_vesikalik" name="test_admin_ai_credits" time="0.498" /><testcase classname="tests.test_phase1_studio_vesikalik" name="test_studio_ai_credits" time="0.441" /><testcase classname="tests.test_phase1_studio_vesikalik" name="test_noauth_ai_credits" time="0.118" /><testcase classname="tests.test_phase1_studio_vesikalik" name="test_studio_me_modules" time="0.116" /><testcase classname="tests.test_phase1_studio_vesikalik" name="test_admin_studio_accounts_list_and_module_toggle" time="0.569" /></testsuite></testsuites>