<?xml version="1.0" encoding="utf-8"?><testsuites name="pytest tests"><testsuite name="pytest" errors="0" failures="0" skipped="0" tests="14" time="5.136" timestamp="2026-07-18T22:11:25.301390+00:00" hostname="agent-env-04f81707-4de9-4b20-8193-5663fd448228"><testcase classname="tests.backend_test.TestServicesAndAvailability" name="test_services_seeded" time="0.120" /><testcase classname="tests.backend_test.TestAuth" name="test_register_requires_kvkk" time="0.163" /><testcase classname="tests.backend_test.TestServicesAndAvailability" name="test_availability_11_slots" time="0.101" /><testcase classname="tests.backend_test.TestAuth" name="test_register_success_returns_customer" time="0.356" /><testcase classname="tests.backend_test.TestAuth" name="test_login_admin" time="0.503" /><testcase classname="tests.backend_test.TestAuth" name="test_login_bad_credentials" time="0.507" /><testcase classname="tests.backend_test.TestServicesAndAvailability" name="test_service_crud_admin_and_403_for_customer" time="1.792" /><testcase classname="tests.backend_test.TestAuth" name="test_me_via_bearer" time="0.443" /><testcase classname="tests.backend_test.TestAuth" name="test_me_unauthenticated" time="0.101" /><testcase classname="tests.backend_test.TestAppointmentFlow" name="test_full_flow_conflict_and_blocked_slot" time="1.417" /><testcase classname="tests.backend_test.TestStaff" name="test_staff_crud" time="0.889" /><testcase classname="tests.backend_test.TestReports" name="test_reports_summary" time="0.107" /><testcase classname="tests.backend_test.TestAppointmentFlow" name="test_appointments_unauth" time="0.323" /><testcase classname="tests.backend_test.TestGallery" name="test_categories_and_upload_and_fetch" time="0.882" /></testsuite></testsuites>