<?xml version="1.0" encoding="utf-8"?><testsuites name="pytest tests"><testsuite name="pytest" errors="0" failures="0" skipped="0" tests="9" time="2.676" timestamp="2026-07-19T17:37:47.203465+00:00" hostname="agent-env-04f81707-4de9-4b20-8193-5663fd448228"><testcase classname="tests.test_bride_party" name="test_create_bride_party_event_returns_correct_type" time="0.514" /><testcase classname="tests.test_bride_party" name="test_public_guest_event_returns_bride_party_type" time="0.115" /><testcase classname="tests.test_bride_party" name="test_venue_activate_with_bride_party" time="0.168" /><testcase classname="tests.test_bride_party" name="test_default_event_type_is_wedding" time="0.052" /><testcase classname="tests.test_bride_party" name="test_other_event_types_stored[birthday-Emre]" time="0.160" /><testcase classname="tests.test_bride_party" name="test_other_event_types_stored[engagement-Zeynep]" time="0.163" /><testcase classname="tests.test_bride_party" name="test_other_event_types_stored[henna-Fatma]" time="0.164" /><testcase classname="tests.test_bride_party" name="test_other_event_types_stored[nikah-Ahmet &amp; Ay\u015fe]" time="0.161" /><testcase classname="tests.test_bride_party" name="test_other_event_types_stored[other-TEST Other]" time="0.644" /></testsuite></testsuites>