<?xml version="1.0" encoding="utf-8"?><testsuites name="pytest tests"><testsuite name="pytest" errors="0" failures="0" skipped="0" tests="10" time="2.449" timestamp="2026-08-10T15:45:22.199352+00:00" hostname="agent-env-ef8abe31-4164-44a9-96e0-0b70e38598da"><testcase classname="tests.test_session_ac_tasks.TestGalleryReminders" name="test_reminders_endpoint" time="0.422" /><testcase classname="tests.test_session_ac_tasks.TestGalleryReminders" name="test_create_event_with_phone_email" time="0.127" /><testcase classname="tests.test_session_ac_tasks.TestAdminStudioPlans" name="test_get_plans" time="0.440" /><testcase classname="tests.test_session_ac_tasks.TestAdminStudioPlans" name="test_put_basic_price_and_reset" time="0.228" /><testcase classname="tests.test_session_ac_tasks.TestAdminStudioPlans" name="test_put_second_module_discount_and_reset" time="0.252" /><testcase classname="tests.test_session_ac_tasks.TestVenuePortal" name="test_venue_me" time="0.386" /><testcase classname="tests.test_session_ac_tasks.TestVenuePortal" name="test_venue_stats" time="0.075" /><testcase classname="tests.test_session_ac_tasks.TestVenuePortal" name="test_generate_free_code" time="0.250" /><testcase classname="tests.test_session_ac_tasks.TestVenuePortal" name="test_generate_discount_code" time="0.074" /><testcase classname="tests.test_session_ac_tasks.TestVenuePortal" name="test_public_invalid_code" time="0.127" /></testsuite></testsuites>