<?xml version="1.0" encoding="utf-8"?><testsuites name="pytest tests"><testsuite name="pytest" errors="0" failures="0" skipped="0" tests="5" time="1.360" timestamp="2026-08-10T16:18:59.758988+00:00" hostname="agent-env-ef8abe31-4164-44a9-96e0-0b70e38598da"><testcase classname="tests.test_session_ad_tasks.TestVenueReport" name="test_report_returns_used_codes" time="0.602" /><testcase classname="tests.test_session_ad_tasks.TestVenueCampaignCodeGen" name="test_generate_single_free_code" time="0.697" /><testcase classname="tests.test_session_ad_tasks.TestVenueReport" name="test_report_couple_enriched_from_invitation" time="0.131" /><testcase classname="tests.test_session_ad_tasks.TestVenueCampaignCodeGen" name="test_generate_single_discount_code" time="0.119" /><testcase classname="tests.test_session_ad_tasks.TestVenueCampaignCodeGen" name="test_stats_reflect_new_codes" time="0.205" /></testsuite></testsuites>