<?xml version="1.0" encoding="utf-8"?><testsuites name="pytest tests"><testsuite name="pytest" errors="0" failures="0" skipped="0" tests="18" time="4.521" timestamp="2026-08-10T09:47:52.561182+00:00" hostname="agent-env-ef8abe31-4164-44a9-96e0-0b70e38598da"><testcase classname="tests.test_studio_design.TestStudioPlans" name="test_plans_public" time="0.196" /><testcase classname="tests.test_studio_design.TestStudioAuth" name="test_register_missing_kvkk" time="0.049" /><testcase classname="tests.test_studio_design.TestStudioAuth" name="test_register_success" time="0.270" /><testcase classname="tests.test_studio_design.TestStudioAuth" name="test_register_duplicate" time="0.046" /><testcase classname="tests.test_studio_design.TestStudioAuth" name="test_login_wrong_password" time="0.357" /><testcase classname="tests.test_studio_design.TestStudioAuth" name="test_login_success" time="0.362" /><testcase classname="tests.test_studio_design.TestStudioAuth" name="test_me" time="0.130" /><testcase classname="tests.test_studio_design.TestStudioAuth" name="test_me_no_auth" time="0.099" /><testcase classname="tests.test_studio_design.TestDesignPublic" name="test_fonts" time="0.099" /><testcase classname="tests.test_studio_design.TestDesignPublic" name="test_templates" time="0.103" /><testcase classname="tests.test_studio_design.TestDesignProjectsAuth" name="test_projects_require_auth" time="0.218" /><testcase classname="tests.test_studio_design.TestDesignProjectsAuth" name="test_crud" time="0.996" /><testcase classname="tests.test_studio_design.TestDesignUpload" name="test_upload_no_auth" time="0.092" /><testcase classname="tests.test_studio_design.TestDesignUpload" name="test_upload_non_image" time="0.095" /><testcase classname="tests.test_studio_design.TestDesignUpload" name="test_upload_image_and_fetch" time="0.827" /><testcase classname="tests.test_studio_design.TestRegression" name="test_services" time="0.095" /><testcase classname="tests.test_studio_design.TestRegression" name="test_admin_login" time="0.318" /><testcase classname="tests.test_studio_design.TestRegression" name="test_print_options" time="0.095" /></testsuite></testsuites>